0 0
0.5 0.005
1 0.0112375
1.5 0.018983734296875
2 0.0285494767871666
2.5 0.0402793096715477
3 0.0545379256956265
3.5 0.0716852144499422
4 0.0920371330770607
4.5 0.115810999413804
5 0.143057655474642
5.5 0.173589322948352
6 0.206920027164607
6.5 0.242242085134858
7 0.27846199251333
7.5 0.314306950004416
8 0.348489258094981
8.5 0.379889191114931
9 0.407703590130685
9.5 0.431518378960632
10 0.451293918010384
10.5 0.467284297296398
11 0.479928064370604
11.5 0.489744606977997
12 0.49725586869048
12.5 0.502938136389538
13 0.507199285969432
13.5 0.510373549617839
14 0.512726356947542
14.5 0.514463787630079
15 0.515743240146255
15.5 0.51668350530454
16 0.517373459303782
16.5 0.517879175933746
17 0.518249549484275
17.5 0.518520639085017
18 0.518718972277704
18.5 0.518864029246711
19 0.518970096135323
19.5 0.5190476398278
20 0.519104323579346
20.5 0.519145755094797
21 0.519176036352023
21.5 0.51919816707893
22 0.519214340499602
22.5 0.519226159934284
23 0.519234797337804
23.5 0.51924110928904
24 0.519245721823443
24.5 0.51924909246333
25 0.519251555567167
25.5 0.519253355479497
26 0.519254670761013
26.5 0.519255631897702
27 0.519256334243387
27.5 0.519256847478293
28 0.519257222521319
28.5 0.519257496581371
29 0.519257696848738
29.5 0.519257843192594
30 0.519257950132231
30.5 0.519258028277525
31 0.519258085381575
31.5 0.519258127109899
32 0.519258157602534
Total steps: 64
