0 0
0.25 0.0025
0.5 0.0053109375
0.75 0.00846775317321777
1 0.0120082966089194
1.25 0.0159732838881723
1.5 0.0204061579246508
1.75 0.0253528248449208
2 0.0308612365186315
2.25 0.0369807871035958
2.5 0.0437614908378448
2.75 0.0512529101724878
3 0.0595028087437615
3.25 0.0685555137746325
3.5 0.0784499883792356
3.75 0.0892176367574645
4 0.100879894675001
4.25 0.113445693221966
4.5 0.126908923547059
4.75 0.141246070271473
5 0.156414215963623
5.25 0.172349641220198
5.5 0.18896724666554
5.75 0.206160997420643
6 0.223805532883855
6.25 0.24175899535698
6.5 0.259867016817599
6.75 0.277967677312379
7 0.295897129568817
7.25 0.313495492943153
7.5 0.330612573537129
7.75 0.347112976784059
8 0.362880244219094
8.25 0.377819756835354
8.5 0.391860284275991
8.75 0.404954199212275
9 0.417076498248896
9.25 0.428222859182117
9.5 0.438407012298355
9.75 0.447657711727557
10 0.456015568976214
10.25 0.463529965311065
10.5 0.470256203789629
10.75 0.476253004962674
11 0.481580399399014
11.25 0.486298029052563
11.5 0.490463839419031
11.75 0.494133124901996
12 0.497357879233392
12.25 0.500186399128682
12.5 0.502663090551438
12.75 0.504828431219687
13 0.506719048880215
13.25 0.508367881365725
13.5 0.509804390835371
13.75 0.511054810461037
14 0.512142406944825
14.25 0.513087746565118
14.5 0.51390895596694
14.75 0.51462197170705
15 0.515240774729518
15.25 0.51577760758474
15.5 0.516243173411373
15.75 0.516646816564333
16 0.51699668536836
16.25 0.517299877868937
16.5 0.51756257169175
16.75 0.517790139249174
17 0.517987249579401
17.25 0.518157958095118
17.5 0.518305785472682
17.75 0.518433786843154
18 0.518544612363415
18.25 0.518640560156061
18.5 0.51872362251582
18.75 0.518795526191314
19 0.518857767466198
19.25 0.518911642684471
19.5 0.518958274791656
19.75 0.51899863639693
20 0.519033569801078
20.25 0.5190638043811
20.5 0.519089971674092
20.75 0.519112618460201
21 0.519132218106575
21.25 0.519149180400834
21.5 0.519163860073223
21.75 0.519176564180844
22 0.519187558504793
22.25 0.51919707309135
22.5 0.519205307051113
22.75 0.519212432714992
23 0.519218599232911
23.25 0.519223935689678
23.5 0.519228553802618
23.75 0.519232550256956
24 0.51923600872749
24.25 0.519239001628613
24.5 0.51924159162912
24.75 0.519243832963374
25 0.519245772566172
25.25 0.519247451054983
25.5 0.519248903580082
25.75 0.519250160560313
26 0.519251248319874
26.25 0.519252189639422
26.5 0.519253004233016
26.75 0.51925370916089
27 0.519254319186665
27.25 0.519254847086497
27.5 0.519255303916604
27.75 0.519255699244798
28 0.519256041350847
28.25 0.519256337399864
28.5 0.519256593592367
28.75 0.519256815294126
29 0.519257007148542
29.25 0.519257173173894
29.5 0.519257316847495
29.75 0.519257441178517
30 0.519257548771017
30.25 0.519257641878472
30.5 0.519257722450984
30.75 0.519257792176111
31 0.519257852514222
31.25 0.51925790472908
31.5 0.519257949914306
31.75 0.519257989016292
32 0.519258022854018
Total steps: 128
