0 0
0.5 0.00581860718809719
1 0.0132724732913657
1.5 0.0227411882767865
2 0.0346430853933788
2.5 0.0494095752805624
3 0.0674409313224252
3.5 0.0890432865252118
4 0.114351787957097
4.5 0.143250639429414
5 0.175313028336673
5.5 0.209784221995556
6 0.245625947248402
6.5 0.281624925852083
7 0.316545270781657
7.5 0.349287623530267
8 0.379014593544173
8.5 0.405213790963385
9 0.427698479619322
9.5 0.446552809485667
10 0.462053554434099
10.5 0.474588885131671
11 0.484590203065985
11.5 0.492483384259651
12 0.49865905189925
12.5 0.503460798066495
13 0.507171836358423
13.5 0.510027984375401
14 0.512219106377319
14.5 0.513895883857528
15 0.515173093611753
15.5 0.516148006165672
16 0.51689136662593
16.5 0.517457703603687
17 0.517888902107045
17.5 0.518217051443767
18 0.518466687578144
18.5 0.518656542938631
19 0.518800902853446
19.5 0.518910651877028
20 0.518994077933425
20.5 0.519057488622765
21 0.519105682582324
21.5 0.519142309423581
22 0.519170144257388
22.5 0.519191296886487
23 0.519207371104667
23.5 0.519219585939501
24 0.519228867894079
24.5 0.519235921103765
25 0.519241280683601
25.5 0.519245353286864
26 0.519248447936579
26.5 0.519250799460475
27 0.519252586302502
27.5 0.519253944059525
28 0.519254975768721
28.5 0.519255759725367
29 0.519256355423738
29.5 0.519256808071619
30 0.519257152020856
30.5 0.51925741337419
31 0.519257611966128
31.5 0.519257762868158
32 0.519257877532526
Total steps: 309
