0 0
4 0.141409522729458
8 0.376031417100513
12 0.431932014785869
16 0.376037306463323
20 0.431921315511632
24 0.376043182041839
28 0.431910643402669
32 0.376049043899852
36 0.431899998327369
40 0.376054892100708
44 0.431889380155058
48 0.376060726707323
52 0.431878788755988
56 0.376066547782175
60 0.431868224001339
64 0.376072355387317
68 0.431857685763197
72 0.376078149584377
76 0.431847173914554
80 0.376083930434564
84 0.431836688329297
88 0.376089697998667
92 0.431826228882199
96 0.376095452337065
100 0.431815795448911
104 0.376101193509727
108 0.431805387905959
112 0.376106921576215
116 0.431795006130725
120 0.376112636595692
124 0.431784650001451
128 0.376118338626921
132 0.431774319397222
136 0.37612402772827
140 0.431764014197963
144 0.376129703957717
148 0.431753734284432
152 0.37613536737285
156 0.431743479538207
160 0.376141018030878
164 0.431733249841687
168 0.376146655988621
172 0.431723045078074
176 0.37615228130253
180 0.431712865131376
184 0.376157894028675
188 0.431702709886393
192 0.376163494222761
196 0.431692579228712
200 0.376169081940121
204 0.4316824730447
208 0.376174657235725
212 0.431672391221499
216 0.376180220164182
220 0.431662333647014
224 0.376185770779744
228 0.431652300209911
232 0.376191309136305
236 0.431642290799606
240 0.376196835287411
244 0.431632305306264
248 0.376202349286256
252 0.431622343620786
256 0.376207851185691
Total steps: 12487
