0 0
0.25 0.00267740651569764
0.5 0.00570867295748081
0.75 0.009135213758382
1 0.0130017441485566
1.25 0.0173560943551025
1.5 0.0222488561351724
1.75 0.0277328269836327
2 0.0338622120626983
2.25 0.0406915046871293
2.5 0.0482742166152845
2.75 0.0566610354321603
3 0.0658978057252347
3.25 0.0760231643834856
3.5 0.087065929825717
3.75 0.0990423480179657
4 0.111953343016782
4.25 0.125781962688808
4.5 0.140491244086591
4.75 0.15602273946052
5 0.172295915167482
5.25 0.18920872632702
5.5 0.206639237452992
5.75 0.224448591624771
6 0.242485062651418
6.25 0.260589005845601
6.5 0.27859838157028
6.75 0.296354456567614
7 0.313707265875123
7.25 0.330520447018471
7.5 0.346675132994004
7.75 0.362072698133714
8 0.376636273240964
8.25 0.390311064612567
8.5 0.403063610028509
8.75 0.41488017347291
9 0.425764515766202
9.25 0.435735657790137
9.5 0.444823573792971
9.75 0.4530687971727
10 0.460518232534293
10.25 0.467223245058647
10.5 0.473237655698789
10.75 0.478616073407037
11 0.483412559242087
11.25 0.487679599310474
11.5 0.491467352624451
11.75 0.494823134733109
12 0.497791096952188
12.25 0.5004120628469
12.5 0.502723487199274
12.75 0.504759507158526
13 0.506551060012643
13.25 0.508126046621283
13.5 0.509509523766903
13.75 0.510723912386343
14 0.511789211796186
14.25 0.512723212633688
14.5 0.513541703344229
14.75 0.514258666715529
15 0.514886464252868
15.25 0.515436007171712
15.5 0.515916913512699
15.75 0.51633765141002
16 0.51670566891167
16.25 0.517027510995056
16.5 0.517308924573706
16.75 0.517554952374043
17 0.517770016594085
17.25 0.517957993253069
17.5 0.518122278113557
17.75 0.518265845014018
18 0.518391297396461
18.25 0.518500913755135
18.5 0.518596687671795
18.75 0.518680363043009
19 0.518753465046958
19.25 0.518817327342195
19.5 0.518873115939468
19.75 0.518921850140304
20 0.518964420892689
20.25 0.519001606874745
20.5 0.519034088581778
20.75 0.51906246066006
21 0.51908724270217
21.25 0.519108888693171
21.5 0.519127795274257
21.75 0.5191443089704
22 0.519158732510721
22.25 0.51917133035459
22.5 0.519182333522611
22.75 0.519191943819402
23 0.519200337524364
23.25 0.519207668617161
23.5 0.519214071596341
23.75 0.519219663942248
24 0.519224548268988
24.25 0.519228814204593
24.5 0.519232540033651
24.75 0.519235794132338
25 0.519238636222061
25.25 0.519241118464583
25.5 0.519243286418674
25.75 0.519245179875755
26 0.519246833589836
26.25 0.519248277915117
26.5 0.519249539362898
26.75 0.519250641088036
27 0.519251603313826
27.25 0.519252443703121
27.5 0.519253177682471
27.75 0.519253818725242
28 0.519254378598892
28.25 0.519254867580951
28.5 0.519255294647653
28.75 0.519255667638695
29 0.519255993401134
29.25 0.519256277915069
29.5 0.519256526403408
29.75 0.519256743427739
30 0.519256932972067
30.25 0.519257098515941
30.5 0.519257243098332
30.75 0.519257369373412
31 0.519257479659284
31.25 0.519257575980527
31.5 0.519257660105369
31.75 0.51925773357814
32 0.519257797747626
Total steps: 541
