0 0
1 0.0132163041191162
2 0.034452243988798
3 0.0669708871467755
4 0.113387233617835
5 0.173640080273567
6 0.243201389757023
7 0.313651937175197
8 0.376168620453391
9 0.425344835442008
10 0.460362041261201
11 0.483494967961208
12 0.497999660162781
13 0.506789476314419
14 0.512004047840208
15 0.515039153380552
16 0.516810856855899
17 0.517865940704261
18 0.518467042385004
19 0.518808910806012
20 0.519003152559158
21 0.519113454467896
22 0.519176070462815
23 0.519211609779177
24 0.519231778962026
25 0.519243224659185
26 0.51924971969945
27 0.519253405342745
28 0.519255496757332
29 0.519256683521273
30 0.519257356942906
31 0.519257739070976
32 0.519257955906452
Total steps: 160
