0 0
1 0.01
2 0.0249
3 0.04672999
4 0.0779112930345999
5 0.120796769969577
6 0.176603295319282
7 0.243716219061294
8 0.316176733158408
9 0.384297373146889
10 0.438761588712734
11 0.475630651339379
12 0.497221460515546
13 0.508603009976107
14 0.514227493207404
15 0.516911325040735
16 0.518169669605734
17 0.518754697909286
18 0.519025610260974
19 0.519150831284685
20 0.519208661303448
21 0.519235357982653
22 0.519247679994606
23 0.519253366812128
24 0.519255991272462
25 0.519257202436346
26 0.519257761372498
27 0.519258019313169
28 0.519258138348718
29 0.519258193281701
30 0.519258218632375
31 0.519258230331295
32 0.519258235730154
Total steps: 32
